<?xml version="1.0" encoding="UTF-8"?>
<testng-results ignored="0" total="1" passed="1" failed="0" skipped="0">
  <reporter-output>
  </reporter-output>
  <suite started-at="2021-09-23T18:03:20 CST" name="Default suite" finished-at="2021-09-23T18:03:24 CST" duration-ms="3314">
    <groups>
    </groups>
    <test started-at="2021-09-23T18:03:20 CST" name="Default test" finished-at="2021-09-23T18:03:24 CST" duration-ms="3314">
      <class name="RestAssuredAutomation.RestAssuredLMSDelete">
        <test-method signature="test_4()[pri:0, instance:RestAssuredAutomation.RestAssuredLMSDelete@3541cb24]" started-at="2021-09-23T18:03:20 CST" name="test_4" finished-at="2021-09-23T18:03:24 CST" duration-ms="3244" status="PASS">
          <reporter-output>
          </reporter-output>
        </test-method> <!-- test_4 -->
      </class> <!-- RestAssuredAutomation.RestAssuredLMSDelete -->
    </test> <!-- Default test -->
  </suite> <!-- Default suite -->
</testng-results>
